-------------------------------------------------------------------------------
Test set: Allure.allure.Allure
-------------------------------------------------------------------------------
Tests run: 2, Failures: 1, Errors: 0, Skipped: 0, Time elapsed: 8.002 s <<< FAILURE! - in Allure.allure.Allure
calculatepercent2  Time elapsed: 1.625 s  <<< FAILURE!
org.junit.ComparisonFailure: expected:<6[]> but was:<6[.0021]>
	at Allure.allure.Allure.calculatepercent2(Allure.java:80)

